<?xml version="1.0" encoding="utf-8"?><testsuites name="pytest tests"><testsuite name="pytest" errors="0" failures="0" skipped="0" tests="32" time="201.913" timestamp="2026-07-17T10:20:43.712079+00:00" hostname="agent-env-271b4ed5-8b82-44a4-9bb2-67f6bad71e05"><testcase classname="tests.test_knowledge_nexus_backend.TestAuth" name="test_auth_me_without_token_returns_401" time="0.280" /><testcase classname="tests.test_knowledge_nexus_backend.TestProjectsAndEditor" name="test_01_generate_returns_immediately" time="0.314" /><testcase classname="tests.test_knowledge_nexus_backend.TestAuth" name="test_auth_me_with_token_returns_user" time="0.293" /><testcase classname="tests.test_knowledge_nexus_backend.TestProjectsAndEditor" name="test_02_generate_poll_until_ready" time="100.999" /><testcase classname="tests.test_knowledge_nexus_backend.TestAuth" name="test_projects_list_requires_auth" time="0.102" /><testcase classname="tests.test_knowledge_nexus_backend.TestAuth" name="test_projects_generate_requires_auth" time="0.136" /><testcase classname="tests.test_knowledge_nexus_backend.TestAuth" name="test_project_get_requires_auth" time="0.104" /><testcase classname="tests.test_knowledge_nexus_backend.TestAuth" name="test_project_delete_requires_auth" time="0.082" /><testcase classname="tests.test_knowledge_nexus_backend.TestAuth" name="test_project_edit_requires_auth" time="0.127" /><testcase classname="tests.test_knowledge_nexus_backend.TestAuth" name="test_versions_list_requires_auth" time="0.125" /><testcase classname="tests.test_knowledge_nexus_backend.TestAuth" name="test_version_get_requires_auth" time="0.073" /><testcase classname="tests.test_knowledge_nexus_backend.TestAuth" name="test_revert_requires_auth" time="0.086" /><testcase classname="tests.test_knowledge_nexus_backend.TestEditor404s" name="test_edit_nonexistent_project_returns_404" time="0.090" /><testcase classname="tests.test_knowledge_nexus_backend.TestEditor404s" name="test_versions_list_nonexistent_returns_404" time="0.082" /><testcase classname="tests.test_knowledge_nexus_backend.TestEditor404s" name="test_get_version_nonexistent_returns_404" time="0.124" /><testcase classname="tests.test_knowledge_nexus_backend.TestEditor404s" name="test_revert_nonexistent_project_returns_404" time="0.087" /><testcase classname="tests.test_knowledge_nexus_backend.TestRoot" name="test_root" time="0.094" /><testcase classname="tests.test_knowledge_nexus_backend.TestLogout" name="test_logout_deletes_session" time="0.097" /><testcase classname="tests.test_knowledge_nexus_backend.TestProjectsAndEditor" name="test_03_versions_list_has_initial_generate_version" time="0.128" /><testcase classname="tests.test_knowledge_nexus_backend.TestProjectsAndEditor" name="test_04_get_specific_version_returns_full_content" time="0.134" /><testcase classname="tests.test_knowledge_nexus_backend.TestProjectsAndEditor" name="test_05_edit_returns_immediately" time="0.103" /><testcase classname="tests.test_knowledge_nexus_backend.TestProjectsAndEditor" name="test_06_edit_conflict_while_generating" time="0.101" /><testcase classname="tests.test_knowledge_nexus_backend.TestProjectsAndEditor" name="test_07_edit_poll_until_ready" time="98.044" /><testcase classname="tests.test_knowledge_nexus_backend.TestProjectsAndEditor" name="test_08_versions_list_has_two_versions_after_edit" time="0.133" /><testcase classname="tests.test_knowledge_nexus_backend.TestProjectsAndEditor" name="test_09_revert_to_first_version" time="0.125" /><testcase classname="tests.test_knowledge_nexus_backend.TestProjectsAndEditor" name="test_10_versions_still_two_after_revert_non_destructive" time="0.091" /><testcase classname="tests.test_knowledge_nexus_backend.TestProjectsAndEditor" name="test_11_redo_by_reverting_to_edit_version" time="0.090" /><testcase classname="tests.test_knowledge_nexus_backend.TestProjectsAndEditor" name="test_12_revert_to_nonexistent_version_returns_404" time="0.099" /><testcase classname="tests.test_knowledge_nexus_backend.TestProjectsAndEditor" name="test_13_list_projects_returns_generated" time="0.094" /><testcase classname="tests.test_knowledge_nexus_backend.TestProjectsAndEditor" name="test_14_get_project_returns_full" time="0.082" /><testcase classname="tests.test_knowledge_nexus_backend.TestProjectsAndEditor" name="test_15_get_nonexistent_project_returns_404" time="0.086" /><testcase classname="tests.test_knowledge_nexus_backend.TestProjectsAndEditor" name="test_99_delete_project_and_verify_removal" time="0.121" /></testsuite></testsuites>