<?xml version="1.0" encoding="utf-8"?><testsuites name="pytest tests"><testsuite name="pytest" errors="0" failures="0" skipped="0" tests="36" time="3.661" timestamp="2026-07-17T12:21:30.733149+00:00" hostname="agent-env-271b4ed5-8b82-44a4-9bb2-67f6bad71e05"><testcase classname="tests.test_knowledge_nexus_backend.TestAuth" name="test_auth_me_without_token_returns_401" time="0.112" /><testcase classname="tests.test_share_export_github.TestGithub" name="test_status_requires_auth" time="0.113" /><testcase classname="tests.test_share_export_github.TestGithub" name="test_authorize_requires_auth" time="0.087" /><testcase classname="tests.test_knowledge_nexus_backend.TestAuth" name="test_auth_me_with_token_returns_user" time="0.137" /><testcase classname="tests.test_share_export_github.TestGithub" name="test_disconnect_requires_auth" time="0.125" /><testcase classname="tests.test_knowledge_nexus_backend.TestAuth" name="test_projects_list_requires_auth" time="0.125" /><testcase classname="tests.test_share_export_github.TestGithub" name="test_repos_requires_auth" time="0.084" /><testcase classname="tests.test_knowledge_nexus_backend.TestAuth" name="test_projects_generate_requires_auth" time="0.086" /><testcase classname="tests.test_share_export_github.TestGithub" name="test_push_requires_auth" time="0.129" /><testcase classname="tests.test_knowledge_nexus_backend.TestAuth" name="test_project_get_requires_auth" time="0.144" /><testcase classname="tests.test_share_export_github.TestGithub" name="test_status_when_unconfigured" time="0.139" /><testcase classname="tests.test_knowledge_nexus_backend.TestAuth" name="test_project_delete_requires_auth" time="0.111" /><testcase classname="tests.test_share_export_github.TestGithub" name="test_authorize_503_when_unconfigured" time="0.134" /><testcase classname="tests.test_knowledge_nexus_backend.TestAuth" name="test_project_edit_requires_auth" time="0.088" /><testcase classname="tests.test_knowledge_nexus_backend.TestAuth" name="test_versions_list_requires_auth" time="0.114" /><testcase classname="tests.test_share_export_github.TestGithub" name="test_repos_400_when_not_connected" time="0.084" /><testcase classname="tests.test_share_export_github.TestGithub" name="test_push_400_when_not_connected" time="0.089" /><testcase classname="tests.test_knowledge_nexus_backend.TestAuth" name="test_version_get_requires_auth" time="0.127" /><testcase classname="tests.test_share_export_github.TestGithub" name="test_disconnect_idempotent" time="0.121" /><testcase classname="tests.test_knowledge_nexus_backend.TestAuth" name="test_revert_requires_auth" time="0.127" /><testcase classname="tests.test_share_export_github.TestShare" name="test_share_enable_requires_auth" time="0.072" /><testcase classname="tests.test_share_export_github.TestExportZip" name="test_export_requires_auth" time="0.076" /><testcase classname="tests.test_share_export_github.TestShare" name="test_share_disable_requires_auth" time="0.087" /><testcase classname="tests.test_share_export_github.TestExportZip" name="test_export_404_for_missing" time="0.105" /><testcase classname="tests.test_share_export_github.TestShare" name="test_share_regenerate_requires_auth" time="0.088" /><testcase classname="tests.test_share_export_github.TestShare" name="test_share_404_missing_project" time="0.264" /><testcase classname="tests.test_share_export_github.TestExportZip" name="test_export_400_when_empty" time="0.118" /><testcase classname="tests.test_share_export_github.TestExportZip" name="test_export_200_returns_zip_with_all_9_files" time="0.089" /><testcase classname="tests.test_knowledge_nexus_backend.TestEditor404s" name="test_edit_nonexistent_project_returns_404" time="0.097" /><testcase classname="tests.test_share_export_github.TestShare" name="test_share_full_lifecycle" time="0.703" /><testcase classname="tests.test_knowledge_nexus_backend.TestEditor404s" name="test_versions_list_nonexistent_returns_404" time="0.088" /><testcase classname="tests.test_knowledge_nexus_backend.TestEditor404s" name="test_get_version_nonexistent_returns_404" time="0.615" /><testcase classname="tests.test_share_export_github.TestShare" name="test_public_site_unknown_slug_404_html" time="0.124" /><testcase classname="tests.test_knowledge_nexus_backend.TestEditor404s" name="test_revert_nonexistent_project_returns_404" time="0.091" /><testcase classname="tests.test_knowledge_nexus_backend.TestRoot" name="test_root" time="0.084" /><testcase classname="tests.test_knowledge_nexus_backend.TestLogout" name="test_logout_deletes_session" time="0.137" /></testsuite></testsuites>