<?xml version="1.0" encoding="utf-8"?><testsuites name="pytest tests"><testsuite name="pytest" errors="0" failures="2" skipped="0" tests="52" time="9.269" timestamp="2026-07-17T12:17:49.597427+00:00" hostname="agent-env-271b4ed5-8b82-44a4-9bb2-67f6bad71e05"><testcase classname="tests.test_phase1_features.TestDocuments" name="test_upload_requires_auth" time="0.494" /><testcase classname="tests.test_phase1_features.TestAuthEmailPassword" name="test_register_new_user_returns_jwt_and_user" time="0.486" /><testcase classname="tests.test_phase1_features.TestAuthEmailPassword" name="test_register_password_too_short_400" time="0.106" /><testcase classname="tests.test_phase1_features.TestDocuments" name="test_list_requires_auth" time="0.221" /><testcase classname="tests.test_phase1_features.TestDocuments" name="test_delete_requires_auth" time="0.319" /><testcase classname="tests.test_phase1_features.TestAuthEmailPassword" name="test_register_duplicate_email_409" time="0.540" /><testcase classname="tests.test_phase1_features.TestAuthEmailPassword" name="test_login_success_returns_jwt" time="0.496" /><testcase classname="tests.test_phase1_features.TestDocuments" name="test_upload_txt_success" time="0.606" /><testcase classname="tests.test_phase1_features.TestAuthEmailPassword" name="test_login_wrong_password_401" time="0.311" /><testcase classname="tests.test_phase1_features.TestDocuments" name="test_upload_pdf_success_and_extract" time="0.352" /><testcase classname="tests.test_phase1_features.TestAuthEmailPassword" name="test_login_unknown_email_401" time="0.159" /><testcase classname="tests.test_phase1_features.TestDocuments" name="test_upload_unsupported_extension_400" time="0.114" /><testcase classname="tests.test_phase1_features.TestAuthEmailPassword" name="test_me_with_jwt_bearer" time="0.097" /><testcase classname="tests.test_phase1_features.TestDocuments" name="test_upload_oversize_413" time="0.410" /><testcase classname="tests.test_phase1_features.TestAuthEmailPassword" name="test_me_with_session_bearer" time="0.131" /><testcase classname="tests.test_phase1_features.TestAuthEmailPassword" name="test_me_with_session_cookie" time="0.095" /><testcase classname="tests.test_phase1_features.TestAuthEmailPassword" name="test_me_no_auth_401" time="0.083" /><testcase classname="tests.test_phase1_features.TestChatsCRUD" name="test_create_requires_auth" time="0.085" /><testcase classname="tests.test_phase1_features.TestDocuments" name="test_list_documents_excludes_pages" time="0.123" /><testcase classname="tests.test_phase1_features.TestChatsCRUD" name="test_list_requires_auth" time="0.079" /><testcase classname="tests.test_phase1_features.TestDocuments" name="test_delete_document" time="0.230" /><testcase classname="tests.test_phase1_features.TestChatsCRUD" name="test_create_default_title" time="0.135" /><testcase classname="tests.test_phase1_features.TestChatsCRUD" name="test_create_with_title" time="0.104" /><testcase classname="tests.test_phase1_features.TestImagesContract" name="test_generate_requires_auth" time="0.091" /><testcase classname="tests.test_phase1_features.TestChatsCRUD" name="test_list_and_search" time="0.241" /><testcase classname="tests.test_phase1_features.TestImagesContract" name="test_list_requires_auth" time="0.212" /><testcase classname="tests.test_phase1_features.TestChatsCRUD" name="test_get_chat_404" time="0.092" /><testcase classname="tests.test_phase1_features.TestImagesContract" name="test_get_requires_auth" time="0.070" /><testcase classname="tests.test_phase1_features.TestImagesContract" name="test_delete_requires_auth" time="0.136" /><testcase classname="tests.test_phase1_features.TestChatsCRUD" name="test_rename_chat" time="0.209" /><testcase classname="tests.test_phase1_features.TestImagesContract" name="test_generate_empty_prompt_400" time="0.084" /><testcase classname="tests.test_phase1_features.TestChatsCRUD" name="test_rename_404" time="0.162" /><testcase classname="tests.test_phase1_features.TestImagesContract" name="test_list_empty_returns_array" time="0.104" /><testcase classname="tests.test_phase1_features.TestImagesContract" name="test_get_nonexistent_returns_404" time="0.077" /><testcase classname="tests.test_phase1_features.TestChatsCRUD" name="test_delete_cascade" time="0.238" /><testcase classname="tests.test_phase1_features.TestImagesContract" name="test_delete_nonexistent_returns_404" time="0.080" /><testcase classname="tests.test_phase1_features.TestChatShare" name="test_share_lifecycle_and_public" time="0.500" /><testcase classname="tests.test_phase1_features.TestChatExport" name="test_export_txt_requires_auth" time="0.124" /><testcase classname="tests.test_phase1_features.TestChatExport" name="test_export_pdf_requires_auth" time="0.089" /><testcase classname="tests.test_phase1_features.TestChatExport" name="test_export_404_missing" time="0.162" /><testcase classname="tests.test_phase1_features.TestChatShare" name="test_public_unknown_slug_404" time="0.079" /><testcase classname="tests.test_phase1_features.TestChatExport" name="test_export_txt_content" time="0.123" /><testcase classname="tests.test_phase1_features.TestChatShare" name="test_share_404_for_missing_chat" time="0.209" /><testcase classname="tests.test_phase1_features.TestChatExport" name="test_export_pdf_content" time="0.211" /><testcase classname="tests.test_phase1_features.TestChatShare" name="test_share_requires_auth" time="0.148" /><testcase classname="tests.test_phase1_features.TestChatSendReal" name="test_send_message_no_docs_updates_chat" time="0.868"><failure message="AssertionError: &lt;!DOCTYPE html&gt;&#10;  &lt;!--[if lt IE 7]&gt; &lt;html class=&quot;no-js ie6 oldie&quot; lang=&quot;en-US&quot;&gt; &lt;![endif]--&gt;&#10;  &lt;!--[if IE 7]&gt;    &lt;html class=&quot;no-js ie7 oldie&quot; lang=&quot;en-US&quot;&gt; &lt;![endif]--&gt;&#10;  &lt;!--[if IE 8]&gt;    &lt;html class=&quot;no-js ie8 oldie&quot; lang=&quot;en-US&quot;&gt; &lt;![endif]--&gt;&#10;  &lt;!--[if gt IE 8]&gt;&lt;!--&gt; &lt;html class=&quot;no-js&quot; lang=&quot;en-US&quot;&gt; &lt;!--&lt;![endif]--&gt;&#10;  &lt;head&gt;&#10;  &#10;  &lt;title&gt;preview.emergentagent.com | 502: Bad gateway&lt;/title&gt;&#10;  &lt;meta charset=&quot;UTF-8&quot; /&gt;&#10;  &lt;meta http-equiv=&quot;Content-Type&quot; content=&quot;text/html; charset=UTF-8&quot; /&gt;&#10;  &lt;meta http-equiv=&quot;X-UA-Compatible&quot; content=&quot;IE=Edge&quot; /&gt;&#10;  &lt;meta name=&quot;robots&quot; content=&quot;noindex, nofollow&quot; /&gt;&#10;  &lt;meta name=&quot;viewport&quot; content=&quot;width=device-width,initial-scale=1&quot; /&gt;&#10;  &lt;link rel=&quot;stylesheet&quot; id=&quot;cf_styles-css&quot; href=&quot;/cdn-cgi/styles/main.css&quot; /&gt;&#10;  &lt;/head&gt;&#10;  &lt;body&gt;&#10;  &lt;div id=&quot;cf-wrapper&quot;&gt;&#10;      &lt;div id=&quot;cf-error-details&quot; class=&quot;p-0&quot;&gt;&#10;          &lt;header class=&quot;mx-auto pt-10 lg:pt-6 lg:px-8 w-240 lg:w-full mb-8&quot;&gt;&#10;              &lt;h1 class=&quot;inline-block sm:block sm:mb-2 font-light text-60 lg:text-4xl text-black-dark leading-tight mr-2&quot;&gt;&#10;                  &lt;span class=&quot;inline-block&quot;&gt;Bad gateway&lt;/span&gt;&#10;                  &lt;span class=&quot;code-label&quot;&gt;Error code 502&lt;/span&gt;&#10;              &lt;/h1&gt;&#10;              &lt;div&gt;&#10;                  Visit &lt;a href=&quot;https://www.cloudflare.com/5xx-error-landing?utm_source=errorcode_502&amp;utm_campaign=knowledge-nexus-120.cluster-9.preview.emergentcf.cloud&quot; target=&quot;_blank&quot; rel=&quot;noopener noreferrer&quot;&gt;cloudflare.com&lt;/a&gt; for more information.&#10;              &lt;/div&gt;&#10;              &lt;div class=&quot;mt-3&quot;&gt;2026-07-17 12:17:55 UTC&lt;/div&gt;&#10;          &lt;/header&gt;&#10;          &lt;div class=&quot;my-8 bg-gradient-gray&quot;&gt;&#10;              &lt;div class=&quot;w-240 lg:w-full mx-auto&quot;&gt;&#10;                  &lt;div class=&quot;clearfix md:px-8&quot;&gt;&#10;                      &lt;div id=&quot;cf-browser-status&quot; class=&quot; relative w-1/3 md:w-full py-15 md:p-0 md:py-8 md:text-left md:border-solid md:border-0 md:border-b md:border-gray-400 overflow-hidden float-left md:float-none text-center&quot;&gt;&#10;    &lt;div class=&quot;relative mb-10 md:m-0&quot;&gt;&#10;      &#10;      &lt;span class=&quot;cf-icon-browser block md:hidden h-20 bg-center bg-no-repeat&quot;&gt;&lt;/span&gt;&#10;      &lt;span class=&quot;cf-icon-ok w-12 h-12 absolute left-1/2 md:left-auto md:right-0 md:top-0 -ml-6 -bottom-4&quot;&gt;&lt;/span&gt;&#10;      &#10;    &lt;/div&gt;&#10;    &lt;span class=&quot;md:block w-full truncate&quot;&gt;You&lt;/span&gt;&#10;    &lt;h3 class=&quot;md:inline-block mt-3 md:mt-0 text-2xl text-gray-600 font-light leading-1.3&quot;&gt;&#10;    &#10;      Browser&#10;    &#10;    &lt;/h3&gt;&#10;    &#10;    &lt;span class=&quot;leading-1.3 text-2xl text-green-success&quot;&gt;Working&lt;/span&gt;&#10;    &#10;  &lt;/div&gt;&#10;                      &lt;div id=&quot;cf-cloudflare-status&quot; class=&quot; relative w-1/3 md:w-full py-15 md:p-0 md:py-8 md:text-left md:border-solid md:border-0 md:border-b md:border-gray-400 overflow-hidden float-left md:float-none text-center&quot;&gt;&#10;    &lt;div class=&quot;relative mb-10 md:m-0&quot;&gt;&#10;      &lt;a href=&quot;https://www.cloudflare.com/5xx-error-landing?utm_source=errorcode_502&amp;#38;utm_campaign=knowledge-nexus-120.cluster-9.preview.emergentcf.cloud&quot; target=&quot;_blank&quot; rel=&quot;noopener noreferrer&quot;&gt;&#10;      &lt;span class=&quot;cf-icon-cloud block md:hidden h-20 bg-center bg-no-repeat&quot;&gt;&lt;/span&gt;&#10;      &lt;span class=&quot;cf-icon-ok w-12 h-12 absolute left-1/2 md:left-auto md:right-0 md:top-0 -ml-6 -bottom-4&quot;&gt;&lt;/span&gt;&#10;      &lt;/a&gt;&#10;    &lt;/div&gt;&#10;    &lt;span class=&quot;md:block w-full truncate&quot;&gt;Amsterdam&lt;/span&gt;&#10;    &lt;h3 class=&quot;md:inline-block mt-3 md:mt-0 text-2xl text-gray-600 font-light leading-1.3&quot;&gt;&#10;    &lt;a href=&quot;https://www.cloudflare.com/5xx-error-landing?utm_source=errorcode_502&amp;utm_campaign=knowledge-nexus-120.cluster-9.preview.emergentcf.cloud&quot; target=&quot;_blank&quot; rel=&quot;noopener noreferrer&quot;&gt;&#10;      Cloudflare&#10;    &lt;/a&gt;&#10;    &lt;/h3&gt;&#10;    &#10;    &lt;span class=&quot;leading-1.3 text-2xl text-green-success&quot;&gt;Working&lt;/span&gt;&#10;    &#10;  &lt;/div&gt;&#10;                      &lt;div id=&quot;cf-host-status&quot; class=&quot;cf-error-source relative w-1/3 md:w-full py-15 md:p-0 md:py-8 md:text-left md:border-solid md:border-0 md:border-b md:border-gray-400 overflow-hidden float-left md:float-none text-center&quot;&gt;&#10;    &lt;div class=&quot;relative mb-10 md:m-0&quot;&gt;&#10;      &#10;      &lt;span class=&quot;cf-icon-server block md:hidden h-20 bg-center bg-no-repeat&quot;&gt;&lt;/span&gt;&#10;      &lt;span class=&quot;cf-icon-error w-12 h-12 absolute left-1/2 md:left-auto md:right-0 md:top-0 -ml-6 -bottom-4&quot;&gt;&lt;/span&gt;&#10;      &#10;    &lt;/div&gt;&#10;    &lt;span class=&quot;md:block w-full truncate&quot;&gt;knowledge-nexus-120.cluster-9.preview.emergentcf.cloud&lt;/span&gt;&#10;    &lt;h3 class=&quot;md:inline-block mt-3 md:mt-0 text-2xl text-gray-600 font-light leading-1.3&quot;&gt;&#10;    &#10;      Host&#10;    &#10;    &lt;/h3&gt;&#10;    &#10;    &lt;span class=&quot;leading-1.3 text-2xl text-red-error&quot;&gt;Error&lt;/span&gt;&#10;    &#10;  &lt;/div&gt;&#10;                  &lt;/div&gt;&#10;              &lt;/div&gt;&#10;          &lt;/div&gt;&#10;  &#10;          &lt;div class=&quot;w-240 lg:w-full mx-auto mb-8 lg:px-8&quot;&gt;&#10;              &lt;div class=&quot;clearfix&quot;&gt;&#10;                  &lt;div class=&quot;w-1/2 md:w-full float-left pr-6 md:pb-10 md:pr-0 leading-relaxed&quot;&gt;&#10;                      &lt;h2 class=&quot;text-3xl font-normal leading-1.3 mb-4&quot;&gt;What happened?&lt;/h2&gt;&#10;                      &lt;p&gt;The web server reported a bad gateway error.&lt;/p&gt;&#10;                  &lt;/div&gt;&#10;                  &lt;div class=&quot;w-1/2 md:w-full float-left leading-relaxed&quot;&gt;&#10;                      &lt;h2 class=&quot;text-3xl font-normal leading-1.3 mb-4&quot;&gt;What can I do?&lt;/h2&gt;&#10;                      &lt;p class=&quot;mb-6&quot;&gt;Please try again in a few minutes.&lt;/p&gt;&#10;                  &lt;/div&gt;&#10;              &lt;/div&gt;&#10;          &lt;/div&gt;&#10;  &#10;          &lt;div class=&quot;cf-error-footer cf-wrapper w-240 lg:w-full py-10 sm:py-4 sm:px-8 mx-auto text-center sm:text-left border-solid border-0 border-t border-gray-300&quot;&gt;&#10;      &lt;p class=&quot;text-13&quot;&gt;&#10;        &lt;span class=&quot;cf-footer-item sm:block sm:mb-1&quot;&gt;Cloudflare Ray ID: &lt;strong class=&quot;font-semibold&quot;&gt;a1c92faeeadba56e&lt;/strong&gt;&lt;/span&gt;&#10;        &lt;span class=&quot;cf-footer-separator sm:hidden&quot;&gt;&amp;bull;&lt;/span&gt;&#10;        &lt;span id=&quot;cf-footer-item-ip&quot; class=&quot;cf-footer-item hidden sm:block sm:mb-1&quot;&gt;&#10;          Your IP:&#10;          &lt;button type=&quot;button&quot; id=&quot;cf-footer-ip-reveal&quot; class=&quot;cf-footer-ip-reveal-btn&quot;&gt;Click to reveal&lt;/button&gt;&#10;          &lt;span class=&quot;hidden&quot; id=&quot;cf-footer-ip&quot;&gt;34.7.135.173&lt;/span&gt;&#10;          &lt;span class=&quot;cf-footer-separator sm:hidden&quot;&gt;&amp;bull;&lt;/span&gt;&#10;        &lt;/span&gt;&#10;        &lt;span class=&quot;cf-footer-item sm:block sm:mb-1&quot;&gt;&lt;span&gt;Performance &amp;amp; security by&lt;/span&gt; &lt;a rel=&quot;noopener noreferrer&quot; href=&quot;https://www.cloudflare.com/5xx-error-landing?utm_source=errorcode_502&amp;#38;utm_campaign=knowledge-nexus-120.cluster-9.preview.emergentcf.cloud&quot; id=&quot;brand_link&quot; target=&quot;_blank&quot;&gt;Cloudflare&lt;/a&gt;&lt;/span&gt;&#10;        &#10;      &lt;/p&gt;&#10;      &lt;script&gt;(function(){function d(){var b=a.getElementById(&quot;cf-footer-item-ip&quot;),c=a.getElementById(&quot;cf-footer-ip-reveal&quot;);b&amp;&amp;&quot;classList&quot;in b&amp;&amp;(b.classList.remove(&quot;hidden&quot;),c.addEventListener(&quot;click&quot;,function(){c.classList.add(&quot;hidden&quot;);a.getElementById(&quot;cf-footer-ip&quot;).classList.remove(&quot;hidden&quot;)}))}var a=document;document.addEventListener&amp;&amp;a.addEventListener(&quot;DOMContentLoaded&quot;,d)})();&lt;/script&gt;&#10;    &lt;/div&gt;&lt;!-- /.error-footer --&gt;&#10;  &#10;      &lt;/div&gt;&#10;  &lt;/div&gt;&#10;  &lt;script&gt;(function(){function c(){var b=a.contentDocument||a.contentWindow.document;if(b){var d=b.createElement('script');d.innerHTML=&quot;window.__CF$cv$params={r:'a1c92faecb64a56e',t:'MTc4NDI5MDY3NQ=='};var a=document.createElement('script');a.src='/cdn-cgi/challenge-platform/scripts/jsd/main.js';document.getElementsByTagName('head')[0].appendChild(a);&quot;;b.getElementsByTagName('head')[0].appendChild(d)}}if(document.body){var a=document.createElement('iframe');a.height=1;a.width=1;a.style.position='absolute';a.style.top=0;a.style.left=0;a.style.border='none';a.style.visibility='hidden';document.body.appendChild(a);if('loading'!==document.readyState)c();else if(window.addEventListener)document.addEventListener('DOMContentLoaded',c);else{var e=document.onreadystatechange||function(){};document.onreadystatechange=function(b){e(b);'loading'!==document.readyState&amp;&amp;(document.onreadystatechange=e,c())}}}})();&lt;/script&gt;&lt;/body&gt;&#10;  &lt;/html&gt;&#10;assert 502 == 200&#10; +  where 502 = &lt;Response [502]&gt;.status_code">backend/tests/test_phase1_features.py:437: in test_send_message_no_docs_updates_chat
    assert sr.status_code == 200, sr.text
E   AssertionError: &lt;!DOCTYPE html&gt;
E     &lt;!--[if lt IE 7]&gt; &lt;html class="no-js ie6 oldie" lang="en-US"&gt; &lt;![endif]--&gt;
E     &lt;!--[if IE 7]&gt;    &lt;html class="no-js ie7 oldie" lang="en-US"&gt; &lt;![endif]--&gt;
E     &lt;!--[if IE 8]&gt;    &lt;html class="no-js ie8 oldie" lang="en-US"&gt; &lt;![endif]--&gt;
E     &lt;!--[if gt IE 8]&gt;&lt;!--&gt; &lt;html class="no-js" lang="en-US"&gt; &lt;!--&lt;![endif]--&gt;
E     &lt;head&gt;
E     
E     &lt;title&gt;preview.emergentagent.com | 502: Bad gateway&lt;/title&gt;
E     &lt;meta charset="UTF-8" /&gt;
E     &lt;meta http-equiv="Content-Type" content="text/html; charset=UTF-8" /&gt;
E     &lt;meta http-equiv="X-UA-Compatible" content="IE=Edge" /&gt;
E     &lt;meta name="robots" content="noindex, nofollow" /&gt;
E     &lt;meta name="viewport" content="width=device-width,initial-scale=1" /&gt;
E     &lt;link rel="stylesheet" id="cf_styles-css" href="/cdn-cgi/styles/main.css" /&gt;
E     &lt;/head&gt;
E     &lt;body&gt;
E     &lt;div id="cf-wrapper"&gt;
E         &lt;div id="cf-error-details" class="p-0"&gt;
E             &lt;header class="mx-auto pt-10 lg:pt-6 lg:px-8 w-240 lg:w-full mb-8"&gt;
E                 &lt;h1 class="inline-block sm:block sm:mb-2 font-light text-60 lg:text-4xl text-black-dark leading-tight mr-2"&gt;
E                     &lt;span class="inline-block"&gt;Bad gateway&lt;/span&gt;
E                     &lt;span class="code-label"&gt;Error code 502&lt;/span&gt;
E                 &lt;/h1&gt;
E                 &lt;div&gt;
E                     Visit &lt;a href="https://www.cloudflare.com/5xx-error-landing?utm_source=errorcode_502&amp;utm_campaign=knowledge-nexus-120.cluster-9.preview.emergentcf.cloud" target="_blank" rel="noopener noreferrer"&gt;cloudflare.com&lt;/a&gt; for more information.
E                 &lt;/div&gt;
E                 &lt;div class="mt-3"&gt;2026-07-17 12:17:55 UTC&lt;/div&gt;
E             &lt;/header&gt;
E             &lt;div class="my-8 bg-gradient-gray"&gt;
E                 &lt;div class="w-240 lg:w-full mx-auto"&gt;
E                     &lt;div class="clearfix md:px-8"&gt;
E                         &lt;div id="cf-browser-status" class=" relative w-1/3 md:w-full py-15 md:p-0 md:py-8 md:text-left md:border-solid md:border-0 md:border-b md:border-gray-400 overflow-hidden float-left md:float-none text-center"&gt;
E       &lt;div class="relative mb-10 md:m-0"&gt;
E         
E         &lt;span class="cf-icon-browser block md:hidden h-20 bg-center bg-no-repeat"&gt;&lt;/span&gt;
E         &lt;span class="cf-icon-ok w-12 h-12 absolute left-1/2 md:left-auto md:right-0 md:top-0 -ml-6 -bottom-4"&gt;&lt;/span&gt;
E         
E       &lt;/div&gt;
E       &lt;span class="md:block w-full truncate"&gt;You&lt;/span&gt;
E       &lt;h3 class="md:inline-block mt-3 md:mt-0 text-2xl text-gray-600 font-light leading-1.3"&gt;
E       
E         Browser
E       
E       &lt;/h3&gt;
E       
E       &lt;span class="leading-1.3 text-2xl text-green-success"&gt;Working&lt;/span&gt;
E       
E     &lt;/div&gt;
E                         &lt;div id="cf-cloudflare-status" class=" relative w-1/3 md:w-full py-15 md:p-0 md:py-8 md:text-left md:border-solid md:border-0 md:border-b md:border-gray-400 overflow-hidden float-left md:float-none text-center"&gt;
E       &lt;div class="relative mb-10 md:m-0"&gt;
E         &lt;a href="https://www.cloudflare.com/5xx-error-landing?utm_source=errorcode_502&amp;#38;utm_campaign=knowledge-nexus-120.cluster-9.preview.emergentcf.cloud" target="_blank" rel="noopener noreferrer"&gt;
E         &lt;span class="cf-icon-cloud block md:hidden h-20 bg-center bg-no-repeat"&gt;&lt;/span&gt;
E         &lt;span class="cf-icon-ok w-12 h-12 absolute left-1/2 md:left-auto md:right-0 md:top-0 -ml-6 -bottom-4"&gt;&lt;/span&gt;
E         &lt;/a&gt;
E       &lt;/div&gt;
E       &lt;span class="md:block w-full truncate"&gt;Amsterdam&lt;/span&gt;
E       &lt;h3 class="md:inline-block mt-3 md:mt-0 text-2xl text-gray-600 font-light leading-1.3"&gt;
E       &lt;a href="https://www.cloudflare.com/5xx-error-landing?utm_source=errorcode_502&amp;utm_campaign=knowledge-nexus-120.cluster-9.preview.emergentcf.cloud" target="_blank" rel="noopener noreferrer"&gt;
E         Cloudflare
E       &lt;/a&gt;
E       &lt;/h3&gt;
E       
E       &lt;span class="leading-1.3 text-2xl text-green-success"&gt;Working&lt;/span&gt;
E       
E     &lt;/div&gt;
E                         &lt;div id="cf-host-status" class="cf-error-source relative w-1/3 md:w-full py-15 md:p-0 md:py-8 md:text-left md:border-solid md:border-0 md:border-b md:border-gray-400 overflow-hidden float-left md:float-none text-center"&gt;
E       &lt;div class="relative mb-10 md:m-0"&gt;
E         
E         &lt;span class="cf-icon-server block md:hidden h-20 bg-center bg-no-repeat"&gt;&lt;/span&gt;
E         &lt;span class="cf-icon-error w-12 h-12 absolute left-1/2 md:left-auto md:right-0 md:top-0 -ml-6 -bottom-4"&gt;&lt;/span&gt;
E         
E       &lt;/div&gt;
E       &lt;span class="md:block w-full truncate"&gt;knowledge-nexus-120.cluster-9.preview.emergentcf.cloud&lt;/span&gt;
E       &lt;h3 class="md:inline-block mt-3 md:mt-0 text-2xl text-gray-600 font-light leading-1.3"&gt;
E       
E         Host
E       
E       &lt;/h3&gt;
E       
E       &lt;span class="leading-1.3 text-2xl text-red-error"&gt;Error&lt;/span&gt;
E       
E     &lt;/div&gt;
E                     &lt;/div&gt;
E                 &lt;/div&gt;
E             &lt;/div&gt;
E     
E             &lt;div class="w-240 lg:w-full mx-auto mb-8 lg:px-8"&gt;
E                 &lt;div class="clearfix"&gt;
E                     &lt;div class="w-1/2 md:w-full float-left pr-6 md:pb-10 md:pr-0 leading-relaxed"&gt;
E                         &lt;h2 class="text-3xl font-normal leading-1.3 mb-4"&gt;What happened?&lt;/h2&gt;
E                         &lt;p&gt;The web server reported a bad gateway error.&lt;/p&gt;
E                     &lt;/div&gt;
E                     &lt;div class="w-1/2 md:w-full float-left leading-relaxed"&gt;
E                         &lt;h2 class="text-3xl font-normal leading-1.3 mb-4"&gt;What can I do?&lt;/h2&gt;
E                         &lt;p class="mb-6"&gt;Please try again in a few minutes.&lt;/p&gt;
E                     &lt;/div&gt;
E                 &lt;/div&gt;
E             &lt;/div&gt;
E     
E             &lt;div class="cf-error-footer cf-wrapper w-240 lg:w-full py-10 sm:py-4 sm:px-8 mx-auto text-center sm:text-left border-solid border-0 border-t border-gray-300"&gt;
E         &lt;p class="text-13"&gt;
E           &lt;span class="cf-footer-item sm:block sm:mb-1"&gt;Cloudflare Ray ID: &lt;strong class="font-semibold"&gt;a1c92faeeadba56e&lt;/strong&gt;&lt;/span&gt;
E           &lt;span class="cf-footer-separator sm:hidden"&gt;&amp;bull;&lt;/span&gt;
E           &lt;span id="cf-footer-item-ip" class="cf-footer-item hidden sm:block sm:mb-1"&gt;
E             Your IP:
E             &lt;button type="button" id="cf-footer-ip-reveal" class="cf-footer-ip-reveal-btn"&gt;Click to reveal&lt;/button&gt;
E             &lt;span class="hidden" id="cf-footer-ip"&gt;34.7.135.173&lt;/span&gt;
E             &lt;span class="cf-footer-separator sm:hidden"&gt;&amp;bull;&lt;/span&gt;
E           &lt;/span&gt;
E           &lt;span class="cf-footer-item sm:block sm:mb-1"&gt;&lt;span&gt;Performance &amp;amp; security by&lt;/span&gt; &lt;a rel="noopener noreferrer" href="https://www.cloudflare.com/5xx-error-landing?utm_source=errorcode_502&amp;#38;utm_campaign=knowledge-nexus-120.cluster-9.preview.emergentcf.cloud" id="brand_link" target="_blank"&gt;Cloudflare&lt;/a&gt;&lt;/span&gt;
E           
E         &lt;/p&gt;
E         &lt;script&gt;(function(){function d(){var b=a.getElementById("cf-footer-item-ip"),c=a.getElementById("cf-footer-ip-reveal");b&amp;&amp;"classList"in b&amp;&amp;(b.classList.remove("hidden"),c.addEventListener("click",function(){c.classList.add("hidden");a.getElementById("cf-footer-ip").classList.remove("hidden")}))}var a=document;document.addEventListener&amp;&amp;a.addEventListener("DOMContentLoaded",d)})();&lt;/script&gt;
E       &lt;/div&gt;&lt;!-- /.error-footer --&gt;
E     
E         &lt;/div&gt;
E     &lt;/div&gt;
E     &lt;script&gt;(function(){function c(){var b=a.contentDocument||a.contentWindow.document;if(b){var d=b.createElement('script');d.innerHTML="window.__CF$cv$params={r:'a1c92faecb64a56e',t:'MTc4NDI5MDY3NQ=='};var a=document.createElement('script');a.src='/cdn-cgi/challenge-platform/scripts/jsd/main.js';document.getElementsByTagName('head')[0].appendChild(a);";b.getElementsByTagName('head')[0].appendChild(d)}}if(document.body){var a=document.createElement('iframe');a.height=1;a.width=1;a.style.position='absolute';a.style.top=0;a.style.left=0;a.style.border='none';a.style.visibility='hidden';document.body.appendChild(a);if('loading'!==document.readyState)c();else if(window.addEventListener)document.addEventListener('DOMContentLoaded',c);else{var e=document.onreadystatechange||function(){};document.onreadystatechange=function(b){e(b);'loading'!==document.readyState&amp;&amp;(document.onreadystatechange=e,c())}}}})();&lt;/script&gt;&lt;/body&gt;
E     &lt;/html&gt;
E   assert 502 == 200
E    +  where 502 = &lt;Response [502]&gt;.status_code</failure></testcase><testcase classname="tests.test_phase1_features.TestSessionTokenOnNewEndpoints" name="test_session_bearer_can_list_chats" time="0.091" /><testcase classname="tests.test_phase1_features.TestSessionTokenOnNewEndpoints" name="test_session_bearer_can_list_images" time="0.135" /><testcase classname="tests.test_phase1_features.TestSessionTokenOnNewEndpoints" name="test_session_bearer_can_list_documents" time="0.112" /><testcase classname="tests.test_phase1_features.TestImagesReal" name="test_generate_and_poll_until_ready" time="3.276"><failure message="Failed: Image generation failed: Failed to generate multimodal completion: litellm.BadRequestError: OpenAIException - Budget has been exceeded! Current cost: 1.28954525, Max budget: 1.16">backend/tests/test_phase1_features.py:235: in test_generate_and_poll_until_ready
    pytest.fail(f"Image generation failed: {final.get('error')}")
E   Failed: Image generation failed: Failed to generate multimodal completion: litellm.BadRequestError: OpenAIException - Budget has been exceeded! Current cost: 1.28954525, Max budget: 1.16</failure></testcase><testcase classname="tests.test_phase1_features.TestChatSendReal" name="test_send_to_missing_chat_404" time="0.097" /><testcase classname="tests.test_phase1_features.TestChatSendReal" name="test_send_requires_auth" time="0.098" /></testsuite></testsuites>