<?xml version="1.0" encoding="utf-8"?><testsuites name="pytest tests"><testsuite name="pytest" errors="0" failures="1" skipped="0" tests="20" time="2.731" timestamp="2026-07-17T11:05:34.299534+00:00" hostname="agent-env-271b4ed5-8b82-44a4-9bb2-67f6bad71e05"><testcase classname="tests.test_share_export_github.TestShare" name="test_share_enable_requires_auth" time="0.260" /><testcase classname="tests.test_share_export_github.TestGithub" name="test_status_requires_auth" time="0.330" /><testcase classname="tests.test_share_export_github.TestShare" name="test_share_disable_requires_auth" time="0.205" /><testcase classname="tests.test_share_export_github.TestGithub" name="test_authorize_requires_auth" time="0.104" /><testcase classname="tests.test_share_export_github.TestGithub" name="test_disconnect_requires_auth" time="0.109" /><testcase classname="tests.test_share_export_github.TestShare" name="test_share_regenerate_requires_auth" time="0.112" /><testcase classname="tests.test_share_export_github.TestGithub" name="test_repos_requires_auth" time="0.103" /><testcase classname="tests.test_share_export_github.TestShare" name="test_share_404_missing_project" time="0.259" /><testcase classname="tests.test_share_export_github.TestGithub" name="test_push_requires_auth" time="0.111" /><testcase classname="tests.test_share_export_github.TestGithub" name="test_status_when_unconfigured" time="0.125" /><testcase classname="tests.test_share_export_github.TestShare" name="test_share_full_lifecycle" time="0.243"><failure message="AssertionError: assert (True and 11 == 12)&#10; +  where True = isinstance('xr35dmpy11b', str)&#10; +  and   11 = len('xr35dmpy11b')">tests/test_share_export_github.py:183: in test_share_full_lifecycle
    assert isinstance(slug2, str) and len(slug2) == 12
E   AssertionError: assert (True and 11 == 12)
E    +  where True = isinstance('xr35dmpy11b', str)
E    +  and   11 = len('xr35dmpy11b')</failure></testcase><testcase classname="tests.test_share_export_github.TestGithub" name="test_authorize_503_when_unconfigured" time="0.102" /><testcase classname="tests.test_share_export_github.TestGithub" name="test_repos_400_when_not_connected" time="0.105" /><testcase classname="tests.test_share_export_github.TestGithub" name="test_push_400_when_not_connected" time="0.083" /><testcase classname="tests.test_share_export_github.TestShare" name="test_public_site_unknown_slug_404_html" time="0.129" /><testcase classname="tests.test_share_export_github.TestGithub" name="test_disconnect_idempotent" time="0.140" /><testcase classname="tests.test_share_export_github.TestExportZip" name="test_export_requires_auth" time="0.129" /><testcase classname="tests.test_share_export_github.TestExportZip" name="test_export_404_for_missing" time="0.095" /><testcase classname="tests.test_share_export_github.TestExportZip" name="test_export_400_when_empty" time="0.092" /><testcase classname="tests.test_share_export_github.TestExportZip" name="test_export_200_returns_zip_with_all_9_files" time="0.092" /></testsuite></testsuites>