<?xml version="1.0" encoding="utf-8"?><testsuites name="pytest tests"><testsuite name="pytest" errors="0" failures="0" skipped="0" tests="48" time="5.588" timestamp="2026-07-17T12:48:05.276208+00:00" hostname="agent-env-271b4ed5-8b82-44a4-9bb2-67f6bad71e05"><testcase classname="tests.test_phase1_features.TestDocuments" name="test_upload_requires_auth" time="0.117" /><testcase classname="tests.test_phase1_features.TestAuthEmailPassword" name="test_register_new_user_returns_jwt_and_user" time="0.411" /><testcase classname="tests.test_phase1_features.TestDocuments" name="test_list_requires_auth" time="0.248" /><testcase classname="tests.test_phase1_features.TestDocuments" name="test_delete_requires_auth" time="0.092" /><testcase classname="tests.test_phase1_features.TestAuthEmailPassword" name="test_register_password_too_short_400" time="0.097" /><testcase classname="tests.test_phase1_features.TestDocuments" name="test_upload_txt_success" time="0.578" /><testcase classname="tests.test_phase1_features.TestDocuments" name="test_upload_pdf_success_and_extract" time="0.128" /><testcase classname="tests.test_phase1_features.TestAuthEmailPassword" name="test_register_duplicate_email_409" time="0.658" /><testcase classname="tests.test_phase1_features.TestDocuments" name="test_upload_unsupported_extension_400" time="0.305" /><testcase classname="tests.test_phase1_features.TestAuthEmailPassword" name="test_login_success_returns_jwt" time="0.298" /><testcase classname="tests.test_phase1_features.TestAuthEmailPassword" name="test_login_wrong_password_401" time="0.329" /><testcase classname="tests.test_phase1_features.TestDocuments" name="test_upload_oversize_413" time="0.515" /><testcase classname="tests.test_phase1_features.TestAuthEmailPassword" name="test_login_unknown_email_401" time="0.088" /><testcase classname="tests.test_phase1_features.TestAuthEmailPassword" name="test_me_with_jwt_bearer" time="0.092" /><testcase classname="tests.test_phase1_features.TestAuthEmailPassword" name="test_me_with_session_bearer" time="0.100" /><testcase classname="tests.test_phase1_features.TestDocuments" name="test_list_documents_excludes_pages" time="0.102" /><testcase classname="tests.test_phase1_features.TestAuthEmailPassword" name="test_me_with_session_cookie" time="0.092" /><testcase classname="tests.test_phase1_features.TestDocuments" name="test_delete_document" time="0.293" /><testcase classname="tests.test_phase1_features.TestAuthEmailPassword" name="test_me_no_auth_401" time="0.103" /><testcase classname="tests.test_phase1_features.TestImagesContract" name="test_generate_requires_auth" time="0.091" /><testcase classname="tests.test_phase1_features.TestImagesContract" name="test_list_requires_auth" time="0.129" /><testcase classname="tests.test_phase1_features.TestChatsCRUD" name="test_create_requires_auth" time="0.073" /><testcase classname="tests.test_phase1_features.TestChatsCRUD" name="test_list_requires_auth" time="0.127" /><testcase classname="tests.test_phase1_features.TestImagesContract" name="test_get_requires_auth" time="0.090" /><testcase classname="tests.test_phase1_features.TestImagesContract" name="test_delete_requires_auth" time="0.087" /><testcase classname="tests.test_phase1_features.TestChatsCRUD" name="test_create_default_title" time="0.086" /><testcase classname="tests.test_phase1_features.TestImagesContract" name="test_generate_empty_prompt_400" time="0.077" /><testcase classname="tests.test_phase1_features.TestChatsCRUD" name="test_create_with_title" time="0.079" /><testcase classname="tests.test_phase1_features.TestImagesContract" name="test_list_empty_returns_array" time="0.077" /><testcase classname="tests.test_phase1_features.TestChatsCRUD" name="test_list_and_search" time="0.348" /><testcase classname="tests.test_phase1_features.TestImagesContract" name="test_get_nonexistent_returns_404" time="0.120" /><testcase classname="tests.test_phase1_features.TestImagesContract" name="test_delete_nonexistent_returns_404" time="0.075" /><testcase classname="tests.test_phase1_features.TestChatExport" name="test_export_txt_requires_auth" time="0.139" /><testcase classname="tests.test_phase1_features.TestChatsCRUD" name="test_get_chat_404" time="0.121" /><testcase classname="tests.test_phase1_features.TestChatExport" name="test_export_pdf_requires_auth" time="0.135" /><testcase classname="tests.test_phase1_features.TestChatsCRUD" name="test_rename_chat" time="0.239" /><testcase classname="tests.test_phase1_features.TestChatExport" name="test_export_404_missing" time="0.164" /><testcase classname="tests.test_phase1_features.TestChatsCRUD" name="test_rename_404" time="0.084" /><testcase classname="tests.test_phase1_features.TestChatExport" name="test_export_txt_content" time="0.140" /><testcase classname="tests.test_phase1_features.TestChatsCRUD" name="test_delete_cascade" time="0.214" /><testcase classname="tests.test_phase1_features.TestChatExport" name="test_export_pdf_content" time="0.231" /><testcase classname="tests.test_phase1_features.TestChatShare" name="test_share_lifecycle_and_public" time="0.536" /><testcase classname="tests.test_phase1_features.TestSessionTokenOnNewEndpoints" name="test_session_bearer_can_list_chats" time="0.078" /><testcase classname="tests.test_phase1_features.TestSessionTokenOnNewEndpoints" name="test_session_bearer_can_list_images" time="0.080" /><testcase classname="tests.test_phase1_features.TestSessionTokenOnNewEndpoints" name="test_session_bearer_can_list_documents" time="0.100" /><testcase classname="tests.test_phase1_features.TestChatShare" name="test_public_unknown_slug_404" time="0.103" /><testcase classname="tests.test_phase1_features.TestChatShare" name="test_share_404_for_missing_chat" time="0.168" /><testcase classname="tests.test_phase1_features.TestChatShare" name="test_share_requires_auth" time="0.155" /></testsuite></testsuites>