<?xml version="1.0" encoding="utf-8"?><testsuites name="pytest tests"><testsuite name="pytest" errors="0" failures="0" skipped="0" tests="15" time="109.218" timestamp="2026-07-17T08:55:02.032964+00:00" hostname="agent-env-271b4ed5-8b82-44a4-9bb2-67f6bad71e05"><testcase classname="tests.test_knowledge_nexus_backend.TestAuth" name="test_auth_me_without_token_returns_401" time="0.134" /><testcase classname="tests.test_knowledge_nexus_backend.TestProjects" name="test_generate_returns_immediately" time="0.213" /><testcase classname="tests.test_knowledge_nexus_backend.TestAuth" name="test_auth_me_with_token_returns_user" time="0.213" /><testcase classname="tests.test_knowledge_nexus_backend.TestProjects" name="test_generating_status_visible_on_get" time="0.215" /><testcase classname="tests.test_knowledge_nexus_backend.TestAuth" name="test_projects_list_requires_auth" time="0.085" /><testcase classname="tests.test_knowledge_nexus_backend.TestProjects" name="test_poll_until_ready" time="107.271" /><testcase classname="tests.test_knowledge_nexus_backend.TestAuth" name="test_projects_generate_requires_auth" time="0.071" /><testcase classname="tests.test_knowledge_nexus_backend.TestAuth" name="test_project_get_requires_auth" time="0.177" /><testcase classname="tests.test_knowledge_nexus_backend.TestAuth" name="test_project_delete_requires_auth" time="0.085" /><testcase classname="tests.test_knowledge_nexus_backend.TestRoot" name="test_root" time="0.067" /><testcase classname="tests.test_knowledge_nexus_backend.TestLogout" name="test_logout_deletes_session" time="0.086" /><testcase classname="tests.test_knowledge_nexus_backend.TestProjects" name="test_list_projects_returns_generated" time="0.187" /><testcase classname="tests.test_knowledge_nexus_backend.TestProjects" name="test_get_project_returns_full" time="0.091" /><testcase classname="tests.test_knowledge_nexus_backend.TestProjects" name="test_get_nonexistent_project_returns_404" time="0.093" /><testcase classname="tests.test_knowledge_nexus_backend.TestProjects" name="test_delete_project_and_verify_removal" time="0.111" /></testsuite></testsuites>