<?xml version="1.0" encoding="utf-8"?><testsuites name="pytest tests"><testsuite name="pytest" errors="0" failures="0" skipped="3" tests="7" time="3.118" timestamp="2026-07-17T12:54:54.482407+00:00" hostname="agent-env-271b4ed5-8b82-44a4-9bb2-67f6bad71e05"><testcase classname="tests.test_gemini_iteration7.TestSettingsModels" name="test_public_no_auth_required" time="0.261" /><testcase classname="tests.test_gemini_iteration7.TestSettingsModels" name="test_gpt_available_true" time="0.248" /><testcase classname="tests.test_gemini_iteration7.TestSettingsModels" name="test_gemini_available_false_when_key_missing" time="0.103" /><testcase classname="tests.test_gemini_iteration7.TestChatModelRouting" name="test_gemini_selected_returns_503_and_rolls_back_user_msg" time="0.914" /><testcase classname="tests.test_gemini_iteration7.TestChatModelRouting" name="test_default_model_takes_openai_path" time="0.507"><skipped type="pytest.skip" message="OpenAI real-LLM path blocked (status=502): &lt;!DOCTYPE html&gt;&#10;&lt;!--[if lt IE 7]&gt; &lt;html class=&quot;no-js ie6 oldie&quot; lang=&quot;en-US&quot;&gt; &lt;![endif]--&gt;&#10;&lt;!--[if IE 7]&gt;    &lt;html class=&quot;no-js ie7 oldie&quot; lang=&quot;en-US&quot;&gt; &lt;![endif]--&gt;&#10;&lt;!--[if IE 8]&gt;    &lt;html class=&quot;no- — model routing itself works, but full end-to-end unverified due to budget.">/app/backend/tests/test_gemini_iteration7.py:150: OpenAI real-LLM path blocked (status=502): &lt;!DOCTYPE html&gt;
&lt;!--[if lt IE 7]&gt; &lt;html class="no-js ie6 oldie" lang="en-US"&gt; &lt;![endif]--&gt;
&lt;!--[if IE 7]&gt;    &lt;html class="no-js ie7 oldie" lang="en-US"&gt; &lt;![endif]--&gt;
&lt;!--[if IE 8]&gt;    &lt;html class="no- — model routing itself works, but full end-to-end unverified due to budget.</skipped></testcase><testcase classname="tests.test_gemini_iteration7.TestChatModelRouting" name="test_explicit_gpt52_takes_openai_path" time="0.274"><skipped type="pytest.skip" message="OpenAI real-LLM path blocked (status=502): &lt;!DOCTYPE html&gt;&#10;&lt;!--[if lt IE 7]&gt; &lt;html class=&quot;no-js ie6 oldie&quot; lang=&quot;en-US&quot;&gt; &lt;![endif]--&gt;&#10;&lt;!--[if IE 7]&gt;    &lt;html class=&quot;no-js ie7 oldie&quot; lang=&quot;en-US&quot;&gt; &lt;![endif]--&gt;&#10;&lt;!--[if IE 8]&gt;    &lt;html class=&quot;no-">/app/backend/tests/test_gemini_iteration7.py:168: OpenAI real-LLM path blocked (status=502): &lt;!DOCTYPE html&gt;
&lt;!--[if lt IE 7]&gt; &lt;html class="no-js ie6 oldie" lang="en-US"&gt; &lt;![endif]--&gt;
&lt;!--[if IE 7]&gt;    &lt;html class="no-js ie7 oldie" lang="en-US"&gt; &lt;![endif]--&gt;
&lt;!--[if IE 8]&gt;    &lt;html class="no-</skipped></testcase><testcase classname="tests.test_gemini_iteration7.TestChatModelRouting" name="test_unknown_model_falls_back_to_gpt" time="0.412"><skipped type="pytest.skip" message="Fallback path reached OpenAI but real-LLM is blocked (status=502): &lt;!DOCTYPE html&gt;&#10;&lt;!--[if lt IE 7]&gt; &lt;html class=&quot;no-js ie6 oldie&quot; lang=&quot;en-US&quot;&gt; &lt;![endif]--&gt;&#10;&lt;!--[if IE 7]&gt;    &lt;html class=&quot;no-js ie7 oldie&quot; lang=&quot;en-US&quot;&gt; &lt;![endif]--&gt;&#10;&lt;!--[if IE 8]&gt;    &lt;html class=&quot;no-">/app/backend/tests/test_gemini_iteration7.py:190: Fallback path reached OpenAI but real-LLM is blocked (status=502): &lt;!DOCTYPE html&gt;
&lt;!--[if lt IE 7]&gt; &lt;html class="no-js ie6 oldie" lang="en-US"&gt; &lt;![endif]--&gt;
&lt;!--[if IE 7]&gt;    &lt;html class="no-js ie7 oldie" lang="en-US"&gt; &lt;![endif]--&gt;
&lt;!--[if IE 8]&gt;    &lt;html class="no-</skipped></testcase></testsuite></testsuites>